INFO main steeleye - Running SANITY tests......
INFO main steeleye - Execution Status:STARTING
INFO main steeleye - [2017-07-26 11:27:11.718] Test Ended:
IRIS:0001 Verify Login Functionality - Incorrect username and Password
INFO main steeleye - Execution Status:SKIPPED got: <false>, expected: is <true>
INFO main steeleye - Execution Status:FINISHED
INFO main steeleye - Execution Status:STARTING
INFO main steeleye - ________________________________________________________________________________________________________________________________________________________
INFO main steeleye - [2017-07-26 11:27:11.722] New test started:
IRIS:0002 Verify Login Functionality - Correct username and Password
INFO main steeleye - Given a user attempts to access the IRIS Login Page
INFO main steeleye - When i input the username in the email field
INFO main steeleye - And i input the password in the password field
INFO main steeleye - And press the submit button
INFO main steeleye - Verification Passed:Successfull Login - No Error message displayed
INFO main steeleye - [2017-07-26 11:27:14.447] Test Ended:
IRIS:0002 Verify Login Functionality - Correct username and Password
INFO main steeleye - Execution Status:PASSED
INFO main steeleye - Execution Status:FINISHED
INFO main steeleye - Running SANITY tests......
INFO main steeleye - Execution Status:STARTING
INFO main steeleye - [2017-07-26 11:27:41.371] Test Ended:
IRIS:0001 Verify Login Functionality - Incorrect username and Password
INFO main steeleye - Execution Status:SKIPPED got: <false>, expected: is <true>
INFO main steeleye - Execution Status:FINISHED
INFO main steeleye - Execution Status:STARTING
INFO main steeleye - ________________________________________________________________________________________________________________________________________________________
INFO main steeleye - [2017-07-26 11:27:41.376] New test started:
IRIS:0002 Verify Login Functionality - Correct username and Password
INFO main steeleye - Given a user attempts to access the IRIS Login Page
INFO main steeleye - When i input the username in the email field
INFO main steeleye - And i input the password in the password field
INFO main steeleye - And press the submit button
INFO main steeleye - Verification Passed:Successfull Login - No Error message displayed
INFO main steeleye - [2017-07-26 11:27:43.994] Test Ended:
IRIS:0002 Verify Login Functionality - Correct username and Password
INFO main steeleye - Execution Status:PASSED
INFO main steeleye - Execution Status:FINISHED
INFO main steeleye - Running SANITY tests......
INFO main steeleye - Execution Status:STARTING
INFO main steeleye - [2017-07-26 11:28:36.432] Test Ended:
IRIS:0001 Verify Login Functionality - Incorrect username and Password
INFO main steeleye - Execution Status:SKIPPED got: <false>, expected: is <true>
INFO main steeleye - Execution Status:FINISHED
INFO main steeleye - Execution Status:STARTING
INFO main steeleye - ________________________________________________________________________________________________________________________________________________________
INFO main steeleye - [2017-07-26 11:28:36.436] New test started:
IRIS:0002 Verify Login Functionality - Correct username and Password
INFO main steeleye - Given a user attempts to access the IRIS Login Page
INFO main steeleye - When i input the username in the email field
INFO main steeleye - And i input the password in the password field
INFO main steeleye - And press the submit button
INFO main steeleye - Verification Passed:Successfull Login - No Error message displayed
INFO main steeleye - [2017-07-26 11:28:38.9] Test Ended:
IRIS:0002 Verify Login Functionality - Correct username and Password
INFO main steeleye - Execution Status:PASSED
INFO main steeleye - Execution Status:FINISHED
INFO main steeleye - Running SANITY tests......
DEBUG main steeleye - Executing: openBrowser()
INFO main steeleye - Execution Status:STARTING
INFO main steeleye - [2017-07-26 11:29:56.762] Test Ended:
IRIS:0001 Verify Login Functionality - Incorrect username and Password
DEBUG main steeleye - [com.steeleye.iris.automation.tests.LoginFeatureTest.Iris_0001]
INFO main steeleye - Execution Status:SKIPPED got: <false>, expected: is <true>
INFO main steeleye - Execution Status:FINISHED
INFO main steeleye - Execution Status:STARTING
INFO main steeleye - ________________________________________________________________________________________________________________________________________________________
INFO main steeleye - [2017-07-26 11:29:56.766] New test started:
IRIS:0002 Verify Login Functionality - Correct username and Password
DEBUG main steeleye - [com.steeleye.iris.automation.tests.LoginFeatureTest.Iris_0002]
INFO main steeleye - Given a user attempts to access the IRIS Login Page
INFO main steeleye - When i input the username in the email field
DEBUG main steeleye - Found Locator by Xpath
DEBUG main steeleye - Found Locator by Xpath
INFO main steeleye - And i input the password in the password field
DEBUG main steeleye - Found Locator by Xpath
DEBUG main steeleye - Found Locator by Xpath
INFO main steeleye - And press the submit button
DEBUG main steeleye - Found Locator by Xpath
DEBUG main steeleye - Found Locator by Xpath
INFO main steeleye - Verification Passed:Successfull Login - No Error message displayed
INFO main steeleye - [2017-07-26 11:29:59.496] Test Ended:
IRIS:0002 Verify Login Functionality - Correct username and Password
DEBUG main steeleye - [com.steeleye.iris.automation.tests.LoginFeatureTest.Iris_0002]
INFO main steeleye - Execution Status:PASSED
INFO main steeleye - Execution Status:FINISHED
DEBUG main steeleye - Executing: closeBrowser()
INFO main steeleye - Running SANITY tests......
DEBUG main steeleye - Executing: openBrowser()
INFO main steeleye - Execution Status:STARTING
INFO main steeleye - [2017-07-26 11:30:28.793] Test Ended:
IRIS:0001 Verify Login Functionality - Incorrect username and Password
DEBUG main steeleye - [com.steeleye.iris.automation.tests.LoginFeatureTest.Iris_0001]
INFO main steeleye - Execution Status:SKIPPED got: <false>, expected: is <true>
INFO main steeleye - Execution Status:FINISHED
INFO main steeleye - Execution Status:STARTING
INFO main steeleye - ________________________________________________________________________________________________________________________________________________________
INFO main steeleye - [2017-07-26 11:30:28.798] New test started:
IRIS:0002 Verify Login Functionality - Correct username and Password
DEBUG main steeleye - [com.steeleye.iris.automation.tests.LoginFeatureTest.Iris_0002]
INFO main steeleye - Given a user attempts to access the IRIS Login Page
INFO main steeleye - When i input the username in the email field
DEBUG main steeleye - Found Locator by Xpath
DEBUG main steeleye - Found Locator by Xpath
INFO main steeleye - And i input the password in the password field
DEBUG main steeleye - Found Locator by Xpath
DEBUG main steeleye - Found Locator by Xpath
INFO main steeleye - And press the submit button
DEBUG main steeleye - Found Locator by Xpath
DEBUG main steeleye - Found Locator by Xpath
INFO main steeleye - Verification Passed:Successfull Login - No Error message displayed
INFO main steeleye - [2017-07-26 11:30:31.381] Test Ended:
IRIS:0002 Verify Login Functionality - Correct username and Password
DEBUG main steeleye - [com.steeleye.iris.automation.tests.LoginFeatureTest.Iris_0002]
INFO main steeleye - Execution Status:PASSED
INFO main steeleye - Execution Status:FINISHED
DEBUG main steeleye - Executing: closeBrowser()
FATAL main steeleye - =>Unable to close instance...
INFO main steeleye - Running  tests......
DEBUG main steeleye - Executing: openBrowser()
INFO main steeleye - Execution Status:STARTING
INFO main steeleye - ________________________________________________________________________________________________________________________________________________________
INFO main steeleye - [2017-07-26 11:32:40.858] New test started:
IRIS:0001 Verify Login Functionality - Incorrect username and Password
DEBUG main steeleye - [com.steeleye.iris.automation.tests.LoginFeatureTest.Iris_0001]
INFO main steeleye - Given a user attempts to access the IRIS Login Page
INFO main steeleye - When i input the username in the email field
DEBUG main steeleye - Found Locator by Xpath
DEBUG main steeleye - Found Locator by Xpath
INFO main steeleye - And i input the password in the password field
DEBUG main steeleye - Found Locator by Xpath
DEBUG main steeleye - Found Locator by Xpath
INFO main steeleye - And press the submit button
DEBUG main steeleye - Found Locator by Xpath
DEBUG main steeleye - Found Locator by Xpath
INFO main steeleye - Verification Passed:Error message should appear..
DEBUG main steeleye - Found Locator by Xpath
INFO main steeleye - Verification Passed:Error message displayed should match expected error text
INFO main steeleye - [2017-07-26 11:32:43.981] Test Ended:
IRIS:0001 Verify Login Functionality - Incorrect username and Password
DEBUG main steeleye - [com.steeleye.iris.automation.tests.LoginFeatureTest.Iris_0001]
INFO main steeleye - Execution Status:PASSED
INFO main steeleye - Execution Status:FINISHED
INFO main steeleye - Execution Status:STARTING
INFO main steeleye - ________________________________________________________________________________________________________________________________________________________
INFO main steeleye - [2017-07-26 11:32:43.983] New test started:
IRIS:0002 Verify Login Functionality - Correct username and Password
DEBUG main steeleye - [com.steeleye.iris.automation.tests.LoginFeatureTest.Iris_0002]
INFO main steeleye - Given a user attempts to access the IRIS Login Page
INFO main steeleye - When i input the username in the email field
DEBUG main steeleye - Found Locator by Xpath
DEBUG main steeleye - Found Locator by Xpath
INFO main steeleye - And i input the password in the password field
DEBUG main steeleye - Found Locator by Xpath
DEBUG main steeleye - Found Locator by Xpath
INFO main steeleye - And press the submit button
DEBUG main steeleye - Found Locator by Xpath
DEBUG main steeleye - Found Locator by Xpath
INFO main steeleye - Verification Passed:Successfull Login - No Error message displayed
INFO main steeleye - [2017-07-26 11:32:55.989] Test Ended:
IRIS:0002 Verify Login Functionality - Correct username and Password
DEBUG main steeleye - [com.steeleye.iris.automation.tests.LoginFeatureTest.Iris_0002]
INFO main steeleye - Execution Status:PASSED
INFO main steeleye - Execution Status:FINISHED
DEBUG main steeleye - Executing: closeBrowser()
INFO main steeleye - Running  tests......
DEBUG main steeleye - Executing: openBrowser()
INFO main steeleye - Execution Status:STARTING
INFO main steeleye - ________________________________________________________________________________________________________________________________________________________
INFO main steeleye - [2017-07-26 11:34:06.218] New test started:
IRIS:0001 Verify Login Functionality - Incorrect username and Password
DEBUG main steeleye - [com.steeleye.iris.automation.tests.LoginFeatureTest.Iris_0001]
INFO main steeleye - Given a user attempts to access the IRIS Login Page
INFO main steeleye - When i input the username in the email field
DEBUG main steeleye - Found Locator by Xpath
DEBUG main steeleye - Found Locator by Xpath
INFO main steeleye - And i input the password in the password field
DEBUG main steeleye - Found Locator by Xpath
DEBUG main steeleye - Found Locator by Xpath
INFO main steeleye - And press the submit button
DEBUG main steeleye - Found Locator by Xpath
DEBUG main steeleye - Found Locator by Xpath
INFO main steeleye - Verification Passed:Error message should appear..
DEBUG main steeleye - Found Locator by Xpath
INFO main steeleye - Verification Passed:Error message displayed should match expected error text
INFO main steeleye - [2017-07-26 11:34:08.917] Test Ended:
IRIS:0001 Verify Login Functionality - Incorrect username and Password
DEBUG main steeleye - [com.steeleye.iris.automation.tests.LoginFeatureTest.Iris_0001]
INFO main steeleye - Execution Status:PASSED
INFO main steeleye - Execution Status:FINISHED
INFO main steeleye - Execution Status:STARTING
INFO main steeleye - ________________________________________________________________________________________________________________________________________________________
INFO main steeleye - [2017-07-26 11:34:08.919] New test started:
IRIS:0002 Verify Login Functionality - Correct username and Password
DEBUG main steeleye - [com.steeleye.iris.automation.tests.LoginFeatureTest.Iris_0002]
INFO main steeleye - Given a user attempts to access the IRIS Login Page
INFO main steeleye - When i input the username in the email field
DEBUG main steeleye - Found Locator by Xpath
DEBUG main steeleye - Found Locator by Xpath
INFO main steeleye - And i input the password in the password field
DEBUG main steeleye - Found Locator by Xpath
DEBUG main steeleye - Found Locator by Xpath
INFO main steeleye - And press the submit button
DEBUG main steeleye - Found Locator by Xpath
DEBUG main steeleye - Found Locator by Xpath
INFO main steeleye - Verification Passed:Successfull Login - No Error message displayed
INFO main steeleye - [2017-07-26 11:34:20.838] Test Ended:
IRIS:0002 Verify Login Functionality - Correct username and Password
DEBUG main steeleye - [com.steeleye.iris.automation.tests.LoginFeatureTest.Iris_0002]
INFO main steeleye - Execution Status:PASSED
INFO main steeleye - Execution Status:FINISHED
DEBUG main steeleye - Executing: closeBrowser()
INFO main steeleye - Running  tests......
INFO main steeleye - Execution Status:STARTING
INFO main steeleye - ________________________________________________________________________________________________________________________________________________________
INFO main steeleye - [2017-07-26 11:34:44.111] New test started:
IRIS:0001 Verify Login Functionality - Incorrect username and Password
INFO main steeleye - Given a user attempts to access the IRIS Login Page
INFO main steeleye - When i input the username in the email field
INFO main steeleye - And i input the password in the password field
INFO main steeleye - And press the submit button
INFO main steeleye - Verification Passed:Error message should appear..
INFO main steeleye - Verification Passed:Error message displayed should match expected error text
INFO main steeleye - [2017-07-26 11:34:46.829] Test Ended:
IRIS:0001 Verify Login Functionality - Incorrect username and Password
INFO main steeleye - Execution Status:PASSED
INFO main steeleye - Execution Status:FINISHED
INFO main steeleye - Execution Status:STARTING
INFO main steeleye - ________________________________________________________________________________________________________________________________________________________
INFO main steeleye - [2017-07-26 11:34:46.83] New test started:
IRIS:0002 Verify Login Functionality - Correct username and Password
INFO main steeleye - Given a user attempts to access the IRIS Login Page
INFO main steeleye - When i input the username in the email field
INFO main steeleye - And i input the password in the password field
INFO main steeleye - And press the submit button
INFO main steeleye - Verification Passed:Successfull Login - No Error message displayed
INFO main steeleye - [2017-07-26 11:34:58.785] Test Ended:
IRIS:0002 Verify Login Functionality - Correct username and Password
INFO main steeleye - Execution Status:PASSED
INFO main steeleye - Execution Status:FINISHED
INFO main steeleye - Running PRIORITY tests......
INFO main steeleye - Execution Status:STARTING
INFO main steeleye - [2017-07-26 11:35:27.561] Test Ended:
IRIS:0001 Verify Login Functionality - Incorrect username and Password
INFO main steeleye - Execution Status:SKIPPED got: <false>, expected: is <true>
INFO main steeleye - Execution Status:FINISHED
INFO main steeleye - Execution Status:STARTING
INFO main steeleye - [2017-07-26 11:35:27.566] Test Ended:
IRIS:0002 Verify Login Functionality - Correct username and Password
INFO main steeleye - Execution Status:SKIPPED got: <false>, expected: is <true>
INFO main steeleye - Execution Status:FINISHED
INFO main steeleye - Running ALL tests......
INFO main steeleye - Execution Status:STARTING
INFO main steeleye - ________________________________________________________________________________________________________________________________________________________
INFO main steeleye - [2017-07-26 11:55:49.256] New test started:
IRIS:0001 Verify Login Functionality - Incorrect username and Password
INFO main steeleye - Given a user attempts to access the IRIS Login Page
INFO main steeleye - When i input the username in the email field
INFO main steeleye - And i input the password in the password field
INFO main steeleye - And press the submit button
INFO main steeleye - Verification Passed:Error message should appear..
INFO main steeleye - Verification Passed:Error message displayed should match expected error text
INFO main steeleye - [2017-07-26 11:55:52.281] Test Ended:
IRIS:0001 Verify Login Functionality - Incorrect username and Password
INFO main steeleye - Execution Status:PASSED
INFO main steeleye - Execution Status:FINISHED
INFO main steeleye - Execution Status:STARTING
INFO main steeleye - ________________________________________________________________________________________________________________________________________________________
INFO main steeleye - [2017-07-26 11:55:52.282] New test started:
IRIS:0002 Verify Login Functionality - Correct username and Password
INFO main steeleye - Given a user attempts to access the IRIS Login Page
INFO main steeleye - When i input the username in the email field
INFO main steeleye - And i input the password in the password field
INFO main steeleye - And press the submit button
INFO main steeleye - Verification Passed:Successfull Login - No Error message displayed
INFO main steeleye - [2017-07-26 11:56:04.19] Test Ended:
IRIS:0002 Verify Login Functionality - Correct username and Password
INFO main steeleye - Execution Status:PASSED
INFO main steeleye - Execution Status:FINISHED
INFO main steeleye - Running REGRESSION tests......
INFO main steeleye - Execution Status:STARTING
INFO main steeleye - ________________________________________________________________________________________________________________________________________________________
INFO main steeleye - [2017-07-26 11:56:39.768] New test started:
IRIS:0001 Verify Login Functionality - Incorrect username and Password
INFO main steeleye - Given a user attempts to access the IRIS Login Page
INFO main steeleye - When i input the username in the email field
INFO main steeleye - And i input the password in the password field
INFO main steeleye - And press the submit button
INFO main steeleye - Verification Passed:Error message should appear..
INFO main steeleye - Verification Passed:Error message displayed should match expected error text
INFO main steeleye - [2017-07-26 11:56:42.434] Test Ended:
IRIS:0001 Verify Login Functionality - Incorrect username and Password
INFO main steeleye - Execution Status:PASSED
INFO main steeleye - Execution Status:FINISHED
INFO main steeleye - Execution Status:STARTING
INFO main steeleye - ________________________________________________________________________________________________________________________________________________________
INFO main steeleye - [2017-07-26 11:56:42.435] New test started:
IRIS:0002 Verify Login Functionality - Correct username and Password
INFO main steeleye - Given a user attempts to access the IRIS Login Page
INFO main steeleye - When i input the username in the email field
INFO main steeleye - And i input the password in the password field
INFO main steeleye - And press the submit button
INFO main steeleye - Verification Passed:Successfull Login - No Error message displayed
INFO main steeleye - [2017-07-26 11:56:54.357] Test Ended:
IRIS:0002 Verify Login Functionality - Correct username and Password
INFO main steeleye - Execution Status:PASSED
INFO main steeleye - Execution Status:FINISHED
INFO main steeleye - Running REGRESSION tests......
INFO main steeleye - Execution Status:STARTING
INFO main steeleye - [2017-07-26 11:57:23.616] Test Ended:
IRIS:0001 Verify Login Functionality - Incorrect username and Password
INFO main steeleye - Execution Status:FAILED null
INFO main steeleye - Execution Status:FINISHED
INFO main steeleye - Execution Status:STARTING
INFO main steeleye - [2017-07-26 11:57:23.62] Test Ended:
IRIS:0002 Verify Login Functionality - Correct username and Password
INFO main steeleye - Execution Status:FAILED null
INFO main steeleye - Execution Status:FINISHED
INFO main steeleye - Running REGRESSION tests......
INFO main steeleye - Execution Status:STARTING
INFO main steeleye - [2017-07-26 12:03:42.39] Test Ended:
IRIS:0002 Verify Login Functionality - Correct username and Password
INFO main steeleye - Execution Status:FAILED null
INFO main steeleye - Execution Status:FINISHED
INFO main steeleye - Execution Status:STARTING
INFO main steeleye - [2017-07-26 12:03:42.394] Test Ended:
IRIS:0001 Verify Login Functionality - Incorrect username and Password
INFO main steeleye - Execution Status:FAILED null
INFO main steeleye - Execution Status:FINISHED
INFO main steeleye - Running REGRESSION tests......
INFO main steeleye - Execution Status:STARTING
INFO main steeleye - [2017-07-26 12:20:59.299] Test Ended:
IRIS:0001 Verify Login Functionality - Incorrect username and Password
INFO main steeleye - Execution Status:FAILED null
INFO main steeleye - Execution Status:FINISHED
INFO main steeleye - Execution Status:STARTING
INFO main steeleye - [2017-07-26 12:20:59.303] Test Ended:
IRIS:0002 Verify Login Functionality - Correct username and Password
INFO main steeleye - Execution Status:FAILED null
INFO main steeleye - Execution Status:FINISHED
INFO main steeleye - Running REGRESSION tests......
INFO main steeleye - Execution Status:STARTING
INFO main steeleye - ________________________________________________________________________________________________________________________________________________________
INFO main steeleye - [2017-07-26 12:21:58.484] New test started:
IRIS:0001 Verify Login Functionality - Incorrect username and Password
INFO main steeleye - Given a user attempts to access the IRIS Login Page
INFO main steeleye - When i input the username in the email field
INFO main steeleye - And i input the password in the password field
INFO main steeleye - And press the submit button
INFO main steeleye - Verification Passed:Error message should appear..
INFO main steeleye - Verification Passed:Error message displayed should match expected error text
INFO main steeleye - [2017-07-26 12:22:02.152] Test Ended:
IRIS:0001 Verify Login Functionality - Incorrect username and Password
INFO main steeleye - Execution Status:PASSED
INFO main steeleye - Execution Status:FINISHED
INFO main steeleye - Execution Status:STARTING
INFO main steeleye - [2017-07-26 12:22:02.153] Test Ended:
IRIS:0002 Verify Login Functionality - Correct username and Password
INFO main steeleye - Execution Status:SKIPPED got: <false>, expected: is <true>
INFO main steeleye - Execution Status:FINISHED
INFO main steeleye - Running ALL tests......
INFO main steeleye - Execution Status:STARTING
INFO main steeleye - ________________________________________________________________________________________________________________________________________________________
INFO main steeleye - [2017-07-26 12:22:43.411] New test started:
IRIS:0001 Verify Login Functionality - Incorrect username and Password
INFO main steeleye - Given a user attempts to access the IRIS Login Page
INFO main steeleye - When i input the username in the email field
INFO main steeleye - And i input the password in the password field
INFO main steeleye - And press the submit button
INFO main steeleye - Verification Passed:Error message should appear..
INFO main steeleye - Verification Passed:Error message displayed should match expected error text
INFO main steeleye - [2017-07-26 12:22:46.443] Test Ended:
IRIS:0001 Verify Login Functionality - Incorrect username and Password
INFO main steeleye - Execution Status:PASSED
INFO main steeleye - Execution Status:FINISHED
INFO main steeleye - Execution Status:STARTING
INFO main steeleye - ________________________________________________________________________________________________________________________________________________________
INFO main steeleye - [2017-07-26 12:22:46.444] New test started:
IRIS:0002 Verify Login Functionality - Correct username and Password
INFO main steeleye - Given a user attempts to access the IRIS Login Page
INFO main steeleye - When i input the username in the email field
INFO main steeleye - And i input the password in the password field
INFO main steeleye - And press the submit button
INFO main steeleye - Verification Passed:Successfull Login - No Error message displayed
INFO main steeleye - [2017-07-26 12:22:58.371] Test Ended:
IRIS:0002 Verify Login Functionality - Correct username and Password
INFO main steeleye - Execution Status:PASSED
INFO main steeleye - Execution Status:FINISHED
INFO main steeleye - Running Sanity tests......
INFO main steeleye - Execution Status:STARTING
INFO main steeleye - [2017-07-26 12:23:14.016] Test Ended:
IRIS:0001 Verify Login Functionality - Incorrect username and Password
INFO main steeleye - Execution Status:SKIPPED got: <false>, expected: is <true>
INFO main steeleye - Execution Status:FINISHED
INFO main steeleye - Execution Status:STARTING
INFO main steeleye - [2017-07-26 12:23:14.02] Test Ended:
IRIS:0002 Verify Login Functionality - Correct username and Password
INFO main steeleye - Execution Status:SKIPPED got: <false>, expected: is <true>
INFO main steeleye - Execution Status:FINISHED
INFO main steeleye - Running Sanity tests......
INFO main steeleye - Execution Status:STARTING
INFO main steeleye - [2017-07-26 12:23:50.505] Test Ended:
IRIS:0001 Verify Login Functionality - Incorrect username and Password
INFO main steeleye - Execution Status:SKIPPED got: <false>, expected: is <true>
INFO main steeleye - Execution Status:FINISHED
INFO main steeleye - Execution Status:STARTING
INFO main steeleye - ________________________________________________________________________________________________________________________________________________________
INFO main steeleye - [2017-07-26 12:23:50.51] New test started:
IRIS:0002 Verify Login Functionality - Correct username and Password
INFO main steeleye - Given a user attempts to access the IRIS Login Page
INFO main steeleye - When i input the username in the email field
INFO main steeleye - And i input the password in the password field
INFO main steeleye - And press the submit button
INFO main steeleye - Verification Passed:Successfull Login - No Error message displayed
INFO main steeleye - [2017-07-26 12:23:53.213] Test Ended:
IRIS:0002 Verify Login Functionality - Correct username and Password
INFO main steeleye - Execution Status:PASSED
INFO main steeleye - Execution Status:FINISHED
INFO main steeleye - Running Regression tests......
INFO main steeleye - Execution Status:STARTING
INFO main steeleye - ________________________________________________________________________________________________________________________________________________________
INFO main steeleye - [2017-07-26 12:24:19.484] New test started:
IRIS:0001 Verify Login Functionality - Incorrect username and Password
INFO main steeleye - Given a user attempts to access the IRIS Login Page
INFO main steeleye - When i input the username in the email field
INFO main steeleye - And i input the password in the password field
INFO main steeleye - And press the submit button
INFO main steeleye - Verification Passed:Error message should appear..
INFO main steeleye - Verification Passed:Error message displayed should match expected error text
INFO main steeleye - [2017-07-26 12:24:22.195] Test Ended:
IRIS:0001 Verify Login Functionality - Incorrect username and Password
INFO main steeleye - Execution Status:PASSED
INFO main steeleye - Execution Status:FINISHED
INFO main steeleye - Execution Status:STARTING
INFO main steeleye - [2017-07-26 12:24:22.197] Test Ended:
IRIS:0002 Verify Login Functionality - Correct username and Password
INFO main steeleye - Execution Status:SKIPPED got: <false>, expected: is <true>
INFO main steeleye - Execution Status:FINISHED
INFO main steeleye - Running Regression tests......
INFO main steeleye - Execution Status:STARTING
INFO main steeleye - [2017-07-26 12:24:55.75] Test Ended:
IRIS:0001 Verify Login Functionality - Incorrect username and Password
INFO main steeleye - Execution Status:SKIPPED got: <false>, expected: is <true>
INFO main steeleye - Execution Status:FINISHED
INFO main steeleye - Execution Status:STARTING
INFO main steeleye - [2017-07-26 12:24:55.754] Test Ended:
IRIS:0002 Verify Login Functionality - Correct username and Password
INFO main steeleye - Execution Status:SKIPPED got: <false>, expected: is <true>
INFO main steeleye - Execution Status:FINISHED
INFO main steeleye - Running Regression tests......
INFO main steeleye - Execution Status:STARTING
INFO main steeleye - [2017-07-26 12:25:11.807] Test Ended:
IRIS:0001 Verify Login Functionality - Incorrect username and Password
INFO main steeleye - Execution Status:SKIPPED got: <false>, expected: is <true>
INFO main steeleye - Execution Status:FINISHED
INFO main steeleye - Execution Status:STARTING
INFO main steeleye - [2017-07-26 12:25:11.811] Test Ended:
IRIS:0002 Verify Login Functionality - Correct username and Password
INFO main steeleye - Execution Status:SKIPPED got: <false>, expected: is <true>
INFO main steeleye - Execution Status:FINISHED
INFO main steeleye - Running Regression tests......
INFO main steeleye - Execution Status:STARTING
INFO main steeleye - [2017-07-26 12:25:27.261] Test Ended:
IRIS:0001 Verify Login Functionality - Incorrect username and Password
INFO main steeleye - Execution Status:SKIPPED got: <false>, expected: is <true>
INFO main steeleye - Execution Status:FINISHED
INFO main steeleye - Execution Status:STARTING
INFO main steeleye - [2017-07-26 12:25:27.266] Test Ended:
IRIS:0002 Verify Login Functionality - Correct username and Password
INFO main steeleye - Execution Status:SKIPPED got: <false>, expected: is <true>
INFO main steeleye - Execution Status:FINISHED
INFO main steeleye - Running Regression tests......
INFO main steeleye - Execution Status:STARTING
INFO main steeleye - [2017-07-26 12:25:50.306] Test Ended:
IRIS:0001 Verify Login Functionality - Incorrect username and Password
INFO main steeleye - Execution Status:SKIPPED got: <false>, expected: is <true>
INFO main steeleye - Execution Status:FINISHED
INFO main steeleye - Execution Status:STARTING
INFO main steeleye - ________________________________________________________________________________________________________________________________________________________
INFO main steeleye - [2017-07-26 12:25:50.31] New test started:
IRIS:0002 Verify Login Functionality - Correct username and Password
INFO main steeleye - Given a user attempts to access the IRIS Login Page
INFO main steeleye - When i input the username in the email field
INFO main steeleye - And i input the password in the password field
INFO main steeleye - And press the submit button
INFO main steeleye - Verification Passed:Successfull Login - No Error message displayed
INFO main steeleye - [2017-07-26 12:25:52.849] Test Ended:
IRIS:0002 Verify Login Functionality - Correct username and Password
INFO main steeleye - Execution Status:PASSED
INFO main steeleye - Execution Status:FINISHED
INFO main steeleye - Running Regression tests......
INFO main steeleye - Execution Status:STARTING
INFO main steeleye - [2017-07-26 12:26:45.384] Test Ended:
IRIS:0001 Verify Login Functionality - Incorrect username and Password
INFO main steeleye - Execution Status:SKIPPED got: <false>, expected: is <true>
INFO main steeleye - Execution Status:FINISHED
INFO main steeleye - Execution Status:STARTING
INFO main steeleye - [2017-07-26 12:26:45.389] Test Ended:
IRIS:0002 Verify Login Functionality - Correct username and Password
INFO main steeleye - Execution Status:SKIPPED got: <false>, expected: is <true>
INFO main steeleye - Execution Status:FINISHED
INFO main steeleye - Running Regression tests......
INFO main steeleye - Execution Status:STARTING
INFO main steeleye - ________________________________________________________________________________________________________________________________________________________
INFO main steeleye - [2017-07-26 12:29:07.241] New test started:
IRIS:0001 Verify Login Functionality - Incorrect username and Password
INFO main steeleye - Given a user attempts to access the IRIS Login Page
INFO main steeleye - When i input the username in the email field
INFO main steeleye - And i input the password in the password field
INFO main steeleye - And press the submit button
INFO main steeleye - Verification Passed:Error message should appear..
INFO main steeleye - Verification Passed:Error message displayed should match expected error text
INFO main steeleye - [2017-07-26 12:29:10.333] Test Ended:
IRIS:0001 Verify Login Functionality - Incorrect username and Password
INFO main steeleye - Execution Status:PASSED
INFO main steeleye - Execution Status:FINISHED
INFO main steeleye - Execution Status:STARTING
INFO main steeleye - ________________________________________________________________________________________________________________________________________________________
INFO main steeleye - [2017-07-26 12:29:10.335] New test started:
IRIS:0002 Verify Login Functionality - Correct username and Password
INFO main steeleye - Given a user attempts to access the IRIS Login Page
INFO main steeleye - When i input the username in the email field
INFO main steeleye - And i input the password in the password field
INFO main steeleye - And press the submit button
INFO main steeleye - Verification Passed:Successfull Login - No Error message displayed
INFO main steeleye - [2017-07-26 12:29:22.284] Test Ended:
IRIS:0002 Verify Login Functionality - Correct username and Password
INFO main steeleye - Execution Status:PASSED
INFO main steeleye - Execution Status:FINISHED
INFO main steeleye - Running Regression tests......
INFO main steeleye - Execution Status:STARTING
INFO main steeleye - ________________________________________________________________________________________________________________________________________________________
INFO main steeleye - [2017-07-26 16:59:24.137] New test started:
IRIS:0001 Verify Login Functionality - Incorrect username and Password
INFO main steeleye - Given a user attempts to access the IRIS Login Page
INFO main steeleye - When i input the username in the email field
INFO main steeleye - And i input the password in the password field
INFO main steeleye - And press the submit button
INFO main steeleye - Verification Passed:Error message should appear..
INFO main steeleye - Verification Passed:Error message displayed should match expected error text
INFO main steeleye - [2017-07-26 16:59:25.955] Test Ended:
IRIS:0001 Verify Login Functionality - Incorrect username and Password
INFO main steeleye - Execution Status:PASSED
INFO main steeleye - Execution Status:FINISHED
INFO main steeleye - Execution Status:STARTING
INFO main steeleye - ________________________________________________________________________________________________________________________________________________________
INFO main steeleye - [2017-07-26 16:59:25.957] New test started:
IRIS:0002 Verify Login Functionality - Correct username and Password
INFO main steeleye - Given a user attempts to access the IRIS Login Page
INFO main steeleye - When i input the username in the email field
INFO main steeleye - And i input the password in the password field
INFO main steeleye - And press the submit button
INFO main steeleye - Verification Passed:Successfull Login - No Error message displayed
INFO main steeleye - [2017-07-26 16:59:37.185] Test Ended:
IRIS:0002 Verify Login Functionality - Correct username and Password
INFO main steeleye - Execution Status:PASSED
INFO main steeleye - Execution Status:FINISHED
INFO main steeleye - Running Regression tests......
INFO main steeleye - Execution Status:STARTING
INFO main steeleye - ________________________________________________________________________________________________________________________________________________________
INFO main steeleye - [2017-07-26 17:13:27.222] New test started:
IRIS:0001 Verify Login Functionality - Incorrect username and Password
INFO main steeleye - Given a user attempts to access the IRIS Login Page
INFO main steeleye - When i input the username in the email field
INFO main steeleye - And i input the password in the password field
INFO main steeleye - And press the submit button
INFO main steeleye - Execution Status:FAILED There were 2 errors:
  java.lang.AssertionError(Error message should appear..)
  java.lang.NullPointerException(null)
INFO main steeleye - Execution Status:FINISHED
INFO main steeleye - Execution Status:STARTING
INFO main steeleye - ________________________________________________________________________________________________________________________________________________________
INFO main steeleye - [2017-07-26 17:13:28.774] New test started:
IRIS:0002 Verify Login Functionality - Correct username and Password
INFO main steeleye - Given a user attempts to access the IRIS Login Page
INFO main steeleye - When i input the username in the email field
INFO main steeleye - And i input the password in the password field
INFO main steeleye - And press the submit button
INFO main steeleye - Verification Passed:Successfull Login - No Error message displayed
INFO main steeleye - Execution Status:FAILED null
INFO main steeleye - Execution Status:FINISHED
INFO main steeleye - Running Regression tests......
INFO main steeleye - Execution Status:STARTING
INFO main steeleye - ________________________________________________________________________________________________________________________________________________________
INFO main steeleye - [2017-07-26 17:19:29.213] New test started:
IRIS:0001 Verify Login Functionality - Incorrect username and Password
INFO main steeleye - Given a user attempts to access the IRIS Login Page
INFO main steeleye - When i input the username in the email field
INFO main steeleye - And i input the password in the password field
INFO main steeleye - And press the submit button
INFO main steeleye - Execution Status:FAILED There were 2 errors:
  java.lang.AssertionError(Error message should appear..)
  java.lang.NullPointerException(null)
INFO main steeleye - Execution Status:FINISHED
INFO main steeleye - Execution Status:STARTING
INFO main steeleye - ________________________________________________________________________________________________________________________________________________________
INFO main steeleye - [2017-07-26 17:19:30.74] New test started:
IRIS:0002 Verify Login Functionality - Correct username and Password
INFO main steeleye - Given a user attempts to access the IRIS Login Page
INFO main steeleye - When i input the username in the email field
INFO main steeleye - And i input the password in the password field
INFO main steeleye - And press the submit button
INFO main steeleye - Verification Passed:Successfull Login - No Error message displayed
INFO main steeleye - Execution Status:FAILED null
INFO main steeleye - Execution Status:FINISHED
INFO main steeleye - Running Regression tests......
INFO main steeleye - Execution Status:STARTING
INFO main steeleye - ________________________________________________________________________________________________________________________________________________________
INFO main steeleye - [2017-07-26 17:19:50.433] New test started:
IRIS:0001 Verify Login Functionality - Incorrect username and Password
INFO main steeleye - Given a user attempts to access the IRIS Login Page
INFO main steeleye - When i input the username in the email field
INFO main steeleye - And i input the password in the password field
INFO main steeleye - And press the submit button
INFO main steeleye - Execution Status:FAILED There were 2 errors:
  java.lang.AssertionError(Error message should appear..)
  java.lang.NullPointerException(null)
INFO main steeleye - Execution Status:FINISHED
INFO main steeleye - Execution Status:STARTING
INFO main steeleye - ________________________________________________________________________________________________________________________________________________________
INFO main steeleye - [2017-07-26 17:20:09.352] New test started:
IRIS:0002 Verify Login Functionality - Correct username and Password
INFO main steeleye - Given a user attempts to access the IRIS Login Page
INFO main steeleye - When i input the username in the email field
INFO main steeleye - And i input the password in the password field
INFO main steeleye - And press the submit button
INFO main steeleye - Verification Passed:Successfull Login - No Error message displayed
INFO main steeleye - Running Regression tests......
INFO main steeleye - Execution Status:STARTING
INFO main steeleye - ________________________________________________________________________________________________________________________________________________________
INFO main steeleye - [2017-07-26 17:23:28.784] New test started:
IRIS:0001 Verify Login Functionality - Incorrect username and Password
INFO main steeleye - Given a user attempts to access the IRIS Login Page
INFO main steeleye - When i input the username in the email field
INFO main steeleye - And i input the password in the password field
INFO main steeleye - And press the submit button
INFO main steeleye - Execution Status:FAILED There were 2 errors:
  java.lang.AssertionError(Error message should appear..)
  java.lang.NullPointerException(null)
INFO main steeleye - Execution Status:FINISHED
INFO main steeleye - Execution Status:STARTING
INFO main steeleye - ________________________________________________________________________________________________________________________________________________________
INFO main steeleye - [2017-07-26 17:23:30.365] New test started:
IRIS:0002 Verify Login Functionality - Correct username and Password
INFO main steeleye - Given a user attempts to access the IRIS Login Page
INFO main steeleye - When i input the username in the email field
INFO main steeleye - And i input the password in the password field
INFO main steeleye - And press the submit button
INFO main steeleye - Verification Passed:Successfull Login - No Error message displayed
INFO main steeleye - Execution Status:FAILED null
INFO main steeleye - Execution Status:FINISHED
INFO main steeleye - Running Regression tests......
INFO main steeleye - Execution Status:STARTING
INFO main steeleye - ________________________________________________________________________________________________________________________________________________________
INFO main steeleye - [2017-07-26 17:24:30.885] New test started:
IRIS:0001 Verify Login Functionality - Incorrect username and Password
INFO main steeleye - Given a user attempts to access the IRIS Login Page
INFO main steeleye - When i input the username in the email field
INFO main steeleye - And i input the password in the password field
INFO main steeleye - And press the submit button
INFO main steeleye - Execution Status:FAILED null
INFO main steeleye - Execution Status:FINISHED
INFO main steeleye - Running Regression tests......
INFO main steeleye - Execution Status:STARTING
INFO main steeleye - ________________________________________________________________________________________________________________________________________________________
INFO main steeleye - [2017-07-26 17:25:06.075] New test started:
IRIS:0001 Verify Login Functionality - Incorrect username and Password
INFO main steeleye - Given a user attempts to access the IRIS Login Page
INFO main steeleye - When i input the username in the email field
INFO main steeleye - And i input the password in the password field
INFO main steeleye - And press the submit button
INFO main steeleye - Execution Status:FAILED There were 2 errors:
  java.lang.AssertionError(Error message should appear..)
  java.lang.NullPointerException(null)
INFO main steeleye - Execution Status:FINISHED
INFO main steeleye - Execution Status:STARTING
INFO main steeleye - ________________________________________________________________________________________________________________________________________________________
INFO main steeleye - [2017-07-26 17:25:07.614] New test started:
IRIS:0002 Verify Login Functionality - Correct username and Password
INFO main steeleye - Given a user attempts to access the IRIS Login Page
INFO main steeleye - When i input the username in the email field
INFO main steeleye - And i input the password in the password field
INFO main steeleye - And press the submit button
INFO main steeleye - Verification Passed:Successfull Login - No Error message displayed
INFO main steeleye - Execution Status:FAILED null
INFO main steeleye - Execution Status:FINISHED
INFO main steeleye - Running Regression tests......
INFO main steeleye - Execution Status:STARTING
INFO main steeleye - ________________________________________________________________________________________________________________________________________________________
INFO main steeleye - [2017-07-26 17:27:38.136] New test started:
IRIS:0001 Verify Login Functionality - Incorrect username and Password
INFO main steeleye - Given a user attempts to access the IRIS Login Page
INFO main steeleye - When i input the username in the email field
INFO main steeleye - And i input the password in the password field
INFO main steeleye - And press the submit button
INFO main steeleye - [2017-07-26 17:27:40.004] Test Ended:
IRIS:0001 Verify Login Functionality - Incorrect username and Password
INFO main steeleye - Execution Status:FAILED Error message should appear..
INFO main steeleye - Execution Status:FINISHED
INFO main steeleye - Execution Status:STARTING
INFO main steeleye - ________________________________________________________________________________________________________________________________________________________
INFO main steeleye - [2017-07-26 17:27:40.305] New test started:
IRIS:0002 Verify Login Functionality - Correct username and Password
INFO main steeleye - Given a user attempts to access the IRIS Login Page
INFO main steeleye - When i input the username in the email field
INFO main steeleye - And i input the password in the password field
INFO main steeleye - And press the submit button
INFO main steeleye - Verification Passed:Successfull Login - No Error message displayed
INFO main steeleye - [2017-07-26 17:27:41.341] Test Ended:
IRIS:0002 Verify Login Functionality - Correct username and Password
INFO main steeleye - Execution Status:PASSED
INFO main steeleye - Execution Status:FINISHED
INFO main steeleye - Running Regression tests......
INFO main steeleye - ________________________________________________________________________________________________________________________________________________________
INFO main steeleye - [2017-07-26 17:30:19.794] New test started:
IRIS:0001 Verify Login Functionality - Incorrect username and Password
INFO main steeleye - Given a user attempts to access the IRIS Login Page
INFO main steeleye - When i input the username in the email field
INFO main steeleye - And i input the password in the password field
INFO main steeleye - And press the submit button
INFO main steeleye - [2017-07-26 17:30:21.344] Test Ended:
IRIS:0001 Verify Login Functionality - Incorrect username and Password
INFO main steeleye - ________________________________________________________________________________________________________________________________________________________
INFO main steeleye - [2017-07-26 17:30:21.646] New test started:
IRIS:0002 Verify Login Functionality - Correct username and Password
INFO main steeleye - Given a user attempts to access the IRIS Login Page
INFO main steeleye - When i input the username in the email field
INFO main steeleye - And i input the password in the password field
INFO main steeleye - And press the submit button
INFO main steeleye - Verification Passed:Successfull Login - No Error message displayed
INFO main steeleye - [2017-07-26 17:30:22.656] Test Ended:
IRIS:0002 Verify Login Functionality - Correct username and Password
INFO main steeleye - Running Regression tests......
INFO main steeleye - ________________________________________________________________________________________________________________________________________________________
INFO main steeleye - [2017-07-26 17:33:10.204] New test started:
IRIS:0001 Verify Login Functionality - Incorrect username and Password
INFO main steeleye - Given a user attempts to access the IRIS Login Page
INFO main steeleye - When i input the username in the email field
INFO main steeleye - And i input the password in the password field
INFO main steeleye - And press the submit button
INFO main steeleye - [2017-07-26 17:33:11.843] Test Ended:
IRIS:0001 Verify Login Functionality - Incorrect username and Password
INFO main steeleye - ________________________________________________________________________________________________________________________________________________________
INFO main steeleye - [2017-07-26 17:33:12.16] New test started:
IRIS:0002 Verify Login Functionality - Correct username and Password
INFO main steeleye - Given a user attempts to access the IRIS Login Page
INFO main steeleye - When i input the username in the email field
INFO main steeleye - And i input the password in the password field
INFO main steeleye - And press the submit button
INFO main steeleye - Verification Passed:Successfull Login - No Error message displayed
INFO main steeleye - [2017-07-26 17:33:13.17] Test Ended:
IRIS:0002 Verify Login Functionality - Correct username and Password
INFO main steeleye - Running Regression tests......
DEBUG main steeleye - Executing: openBrowser()
DEBUG main steeleye - Execution Status:STARTING
INFO main steeleye - ________________________________________________________________________________________________________________________________________________________
INFO main steeleye - [2017-07-26 17:33:32.173] New test started:
IRIS:0001 Verify Login Functionality - Incorrect username and Password
DEBUG main steeleye - [com.steeleye.iris.automation.tests.LoginFeatureTest.Iris_0001]
INFO main steeleye - Given a user attempts to access the IRIS Login Page
INFO main steeleye - When i input the username in the email field
DEBUG main steeleye - Found Locator by Xpath
DEBUG main steeleye - Found Locator by Xpath
INFO main steeleye - And i input the password in the password field
DEBUG main steeleye - Found Locator by Xpath
DEBUG main steeleye - Found Locator by Xpath
INFO main steeleye - And press the submit button
DEBUG main steeleye - Found Locator by Xpath
DEBUG main steeleye - Found Locator by Xpath
INFO main steeleye - [2017-07-26 17:33:33.667] Test Ended:
IRIS:0001 Verify Login Functionality - Incorrect username and Password
DEBUG main steeleye - [com.steeleye.iris.automation.tests.LoginFeatureTest.Iris_0001]
DEBUG main steeleye - Execution Status:FAILED Error message should appear..
DEBUG main steeleye - Execution Status:FINISHED
DEBUG main steeleye - Execution Status:STARTING
INFO main steeleye - ________________________________________________________________________________________________________________________________________________________
INFO main steeleye - [2017-07-26 17:33:33.97] New test started:
IRIS:0002 Verify Login Functionality - Correct username and Password
DEBUG main steeleye - [com.steeleye.iris.automation.tests.LoginFeatureTest.Iris_0002]
INFO main steeleye - Given a user attempts to access the IRIS Login Page
INFO main steeleye - When i input the username in the email field
DEBUG main steeleye - Found Locator by Xpath
DEBUG main steeleye - Found Locator by Xpath
INFO main steeleye - And i input the password in the password field
DEBUG main steeleye - Found Locator by Xpath
DEBUG main steeleye - Found Locator by Xpath
INFO main steeleye - And press the submit button
DEBUG main steeleye - Found Locator by Xpath
DEBUG main steeleye - Found Locator by Xpath
INFO main steeleye - Verification Passed:Successfull Login - No Error message displayed
INFO main steeleye - [2017-07-26 17:33:34.996] Test Ended:
IRIS:0002 Verify Login Functionality - Correct username and Password
DEBUG main steeleye - [com.steeleye.iris.automation.tests.LoginFeatureTest.Iris_0002]
DEBUG main steeleye - Execution Status:PASSED
DEBUG main steeleye - Execution Status:FINISHED
DEBUG main steeleye - Executing: closeBrowser()
INFO main steeleye - Running Regression tests......
DEBUG main steeleye - Executing: openBrowser()
DEBUG main steeleye - Execution Status:STARTING
INFO main steeleye - ________________________________________________________________________________________________________________________________________________________
INFO main steeleye - [2017-07-26 17:36:27.046] New test started:
IRIS:0001 Verify Login Functionality - Incorrect username and Password
DEBUG main steeleye - [com.steeleye.iris.automation.tests.LoginFeatureTest.Iris_0001]
INFO main steeleye - Given a user attempts to access the IRIS Login Page
INFO main steeleye - When i input the username in the email field
DEBUG main steeleye - Found Locator by Xpath
DEBUG main steeleye - Found Locator by Xpath
INFO main steeleye - And i input the password in the password field
DEBUG main steeleye - Found Locator by Xpath
DEBUG main steeleye - Found Locator by Xpath
INFO main steeleye - And press the submit button
DEBUG main steeleye - Found Locator by Xpath
DEBUG main steeleye - Found Locator by Xpath
INFO main steeleye - [2017-07-26 17:36:28.586] Test Ended:
IRIS:0001 Verify Login Functionality - Incorrect username and Password
DEBUG main steeleye - [com.steeleye.iris.automation.tests.LoginFeatureTest.Iris_0001]
DEBUG main steeleye - Execution Status:FAILED Error message should appear..
DEBUG main steeleye - Execution Status:FINISHED
DEBUG main steeleye - Execution Status:STARTING
INFO main steeleye - ________________________________________________________________________________________________________________________________________________________
INFO main steeleye - [2017-07-26 17:36:28.906] New test started:
IRIS:0002 Verify Login Functionality - Correct username and Password
DEBUG main steeleye - [com.steeleye.iris.automation.tests.LoginFeatureTest.Iris_0002]
INFO main steeleye - Given a user attempts to access the IRIS Login Page
INFO main steeleye - When i input the username in the email field
DEBUG main steeleye - Found Locator by Xpath
DEBUG main steeleye - Found Locator by Xpath
INFO main steeleye - And i input the password in the password field
DEBUG main steeleye - Found Locator by Xpath
DEBUG main steeleye - Found Locator by Xpath
INFO main steeleye - And press the submit button
DEBUG main steeleye - Found Locator by Xpath
DEBUG main steeleye - Found Locator by Xpath
INFO main steeleye - Verification Passed:Successfull Login - No Error message displayed
INFO main steeleye - [2017-07-26 17:36:29.966] Test Ended:
IRIS:0002 Verify Login Functionality - Correct username and Password
DEBUG main steeleye - [com.steeleye.iris.automation.tests.LoginFeatureTest.Iris_0002]
DEBUG main steeleye - Execution Status:PASSED
DEBUG main steeleye - Execution Status:FINISHED
DEBUG main steeleye - Executing: closeBrowser()
INFO main steeleye - Running Regression tests......
INFO main steeleye - ________________________________________________________________________________________________________________________________________________________
INFO main steeleye - [2017-07-26 17:36:44.693] New test started:
IRIS:0001 Verify Login Functionality - Incorrect username and Password
INFO main steeleye - Given a user attempts to access the IRIS Login Page
INFO main steeleye - When i input the username in the email field
INFO main steeleye - And i input the password in the password field
INFO main steeleye - And press the submit button
INFO main steeleye - [2017-07-26 17:36:46.217] Test Ended:
IRIS:0001 Verify Login Functionality - Incorrect username and Password
INFO main steeleye - ________________________________________________________________________________________________________________________________________________________
INFO main steeleye - [2017-07-26 17:36:46.531] New test started:
IRIS:0002 Verify Login Functionality - Correct username and Password
INFO main steeleye - Given a user attempts to access the IRIS Login Page
INFO main steeleye - When i input the username in the email field
INFO main steeleye - And i input the password in the password field
INFO main steeleye - And press the submit button
INFO main steeleye - Verification Passed:Successfull Login - No Error message displayed
INFO main steeleye - [2017-07-26 17:36:47.549] Test Ended:
IRIS:0002 Verify Login Functionality - Correct username and Password
INFO main steeleye - Running Regression tests......
INFO main steeleye - ________________________________________________________________________________________________________________________________________________________
INFO main steeleye - [2017-07-26 17:38:10.324] New test started:
IRIS:0001 Verify Login Functionality - Incorrect username and Password
INFO main steeleye - Given a user attempts to access the IRIS Login Page
INFO main steeleye - When i input the username in the email field
INFO main steeleye - And i input the password in the password field
INFO main steeleye - And press the submit button
INFO main steeleye - [2017-07-26 17:38:11.843] Test Ended:
IRIS:0001 Verify Login Functionality - Incorrect username and Password
INFO main steeleye - ________________________________________________________________________________________________________________________________________________________
INFO main steeleye - [2017-07-26 17:38:12.163] New test started:
IRIS:0002 Verify Login Functionality - Correct username and Password
INFO main steeleye - Given a user attempts to access the IRIS Login Page
INFO main steeleye - When i input the username in the email field
INFO main steeleye - And i input the password in the password field
INFO main steeleye - And press the submit button
INFO main steeleye - Verification Passed:Successfull Login - No Error message displayed
INFO main steeleye - [2017-07-26 17:38:13.258] Test Ended:
IRIS:0002 Verify Login Functionality - Correct username and Password
INFO main steeleye - Running Regression tests......
INFO main steeleye - ________________________________________________________________________________________________________________________________________________________
INFO main steeleye - [2017-07-26 17:38:40.973] New test started:
IRIS:0001 Verify Login Functionality - Incorrect username and Password
INFO main steeleye - Given a user attempts to access the IRIS Login Page
INFO main steeleye - When i input the username in the email field
INFO main steeleye - And i input the password in the password field
INFO main steeleye - And press the submit button
INFO main steeleye - [2017-07-26 17:38:42.487] Test Ended:
IRIS:0001 Verify Login Functionality - Incorrect username and Password
INFO main steeleye - ________________________________________________________________________________________________________________________________________________________
INFO main steeleye - [2017-07-26 17:38:42.807] New test started:
IRIS:0002 Verify Login Functionality - Correct username and Password
INFO main steeleye - Given a user attempts to access the IRIS Login Page
INFO main steeleye - When i input the username in the email field
INFO main steeleye - And i input the password in the password field
INFO main steeleye - And press the submit button
INFO main steeleye - Verification Passed:Successfull Login - No Error message displayed
INFO main steeleye - [2017-07-26 17:38:43.812] Test Ended:
IRIS:0002 Verify Login Functionality - Correct username and Password
INFO main steeleye - Running Regression tests......
INFO main steeleye - ________________________________________________________________________________________________________________________________________________________
INFO main steeleye - [2017-07-26 17:44:05.496] New test started:
IRIS:0001 Verify Login Functionality - Incorrect username and Password
INFO main steeleye - Given a user attempts to access the IRIS Login Page
INFO main steeleye - When i input the username in the email field
INFO main steeleye - And i input the password in the password field
INFO main steeleye - And press the submit button
INFO main steeleye - [2017-07-26 17:44:07.94] Test Ended:
IRIS:0001 Verify Login Functionality - Incorrect username and Password
INFO main steeleye - Execution Status:FAILED
INFO main steeleye - ________________________________________________________________________________________________________________________________________________________
INFO main steeleye - [2017-07-26 17:44:08.243] New test started:
IRIS:0002 Verify Login Functionality - Correct username and Password
INFO main steeleye - Given a user attempts to access the IRIS Login Page
INFO main steeleye - When i input the username in the email field
INFO main steeleye - And i input the password in the password field
INFO main steeleye - And press the submit button
INFO main steeleye - Verification Passed:Successfull Login - No Error message displayed
INFO main steeleye - [2017-07-26 17:44:09.261] Test Ended:
IRIS:0002 Verify Login Functionality - Correct username and Password
INFO main steeleye - Running Regression tests......
INFO main steeleye - ________________________________________________________________________________________________________________________________________________________
INFO main steeleye - [2017-07-26 17:45:46.815] New test started:
IRIS:0001 Verify Login Functionality - Incorrect username and Password
INFO main steeleye - Given a user attempts to access the IRIS Login Page
INFO main steeleye - When i input the username in the email field
INFO main steeleye - And i input the password in the password field
INFO main steeleye - And press the submit button
INFO main steeleye - [2017-07-26 17:45:48.371] Test Ended:
IRIS:0001 Verify Login Functionality - Incorrect username and Password
INFO main steeleye - Execution Status:FAILED
INFO main steeleye - ________________________________________________________________________________________________________________________________________________________
INFO main steeleye - [2017-07-26 17:45:48.668] New test started:
IRIS:0002 Verify Login Functionality - Correct username and Password
INFO main steeleye - Given a user attempts to access the IRIS Login Page
INFO main steeleye - When i input the username in the email field
INFO main steeleye - And i input the password in the password field
INFO main steeleye - And press the submit button
INFO main steeleye - Verification Passed:Successfull Login - No Error message displayed
INFO main steeleye - [2017-07-26 17:45:49.704] Test Ended:
IRIS:0002 Verify Login Functionality - Correct username and Password
INFO main steeleye - Execution Status:PASSED
INFO main steeleye - Running Regression tests......
INFO main steeleye - ________________________________________________________________________________________________________________________________________________________
INFO main steeleye - [2017-07-26 17:46:59.577] New test started:
IRIS:0001 Verify Login Functionality - Incorrect username and Password
INFO main steeleye - Given a user attempts to access the IRIS Login Page
INFO main steeleye - When i input the username in the email field
INFO main steeleye - And i input the password in the password field
INFO main steeleye - And press the submit button
INFO main steeleye - [2017-07-26 17:47:01.159] Test Ended:
IRIS:0001 Verify Login Functionality - Incorrect username and Password
INFO main steeleye - Execution Status:FAILED
java.lang.AssertionError: Error message should appear..
	at org.junit.Assert.fail(Assert.java:88)
	at org.junit.Assert.assertTrue(Assert.java:41)
	at com.steeleye.iris.automation.core.TestLogger.assertTrue(TestLogger.java:64)
	at com.steeleye.iris.automation.tests.LoginFeatureTest.Iris_0001(LoginFeatureTest.java:29)
	at sun.reflect.NativeMethodAccessorImpl.invoke0(Native Method)
	at sun.reflect.NativeMethodAccessorImpl.invoke(NativeMethodAccessorImpl.java:62)
	at sun.reflect.DelegatingMethodAccessorImpl.invoke(DelegatingMethodAccessorImpl.java:43)
	at java.lang.reflect.Method.invoke(Method.java:498)
	at org.junit.runners.model.FrameworkMethod$1.runReflectiveCall(FrameworkMethod.java:50)
	at org.junit.internal.runners.model.ReflectiveCallable.run(ReflectiveCallable.java:12)
	at org.junit.runners.model.FrameworkMethod.invokeExplosively(FrameworkMethod.java:47)
	at org.junit.internal.runners.statements.InvokeMethod.evaluate(InvokeMethod.java:17)
	at org.junit.internal.runners.statements.RunBefores.evaluate(RunBefores.java:26)
	at org.junit.internal.runners.statements.RunAfters.evaluate(RunAfters.java:27)
	at org.junit.rules.TestWatcher$1.evaluate(TestWatcher.java:55)
	at org.junit.rules.TestWatcher$1.evaluate(TestWatcher.java:55)
	at org.junit.rules.RunRules.evaluate(RunRules.java:20)
	at org.junit.runners.ParentRunner.runLeaf(ParentRunner.java:325)
	at org.junit.runners.BlockJUnit4ClassRunner.runChild(BlockJUnit4ClassRunner.java:78)
	at org.junit.runners.BlockJUnit4ClassRunner.runChild(BlockJUnit4ClassRunner.java:57)
	at org.junit.runners.ParentRunner$3.run(ParentRunner.java:290)
	at org.junit.runners.ParentRunner$1.schedule(ParentRunner.java:71)
	at org.junit.runners.ParentRunner.runChildren(ParentRunner.java:288)
	at org.junit.runners.ParentRunner.access$000(ParentRunner.java:58)
	at org.junit.runners.ParentRunner$2.evaluate(ParentRunner.java:268)
	at org.junit.internal.runners.statements.RunBefores.evaluate(RunBefores.java:26)
	at org.junit.internal.runners.statements.RunAfters.evaluate(RunAfters.java:27)
	at org.junit.runners.ParentRunner.run(ParentRunner.java:363)
	at org.eclipse.jdt.internal.junit4.runner.JUnit4TestReference.run(JUnit4TestReference.java:86)
	at org.eclipse.jdt.internal.junit.runner.TestExecution.run(TestExecution.java:38)
	at org.eclipse.jdt.internal.junit.runner.RemoteTestRunner.runTests(RemoteTestRunner.java:459)
	at org.eclipse.jdt.internal.junit.runner.RemoteTestRunner.runTests(RemoteTestRunner.java:675)
	at org.eclipse.jdt.internal.junit.runner.RemoteTestRunner.run(RemoteTestRunner.java:382)
	at org.eclipse.jdt.internal.junit.runner.RemoteTestRunner.main(RemoteTestRunner.java:192)
INFO main steeleye - ________________________________________________________________________________________________________________________________________________________
INFO main steeleye - [2017-07-26 17:47:01.459] New test started:
IRIS:0002 Verify Login Functionality - Correct username and Password
INFO main steeleye - Given a user attempts to access the IRIS Login Page
INFO main steeleye - When i input the username in the email field
INFO main steeleye - And i input the password in the password field
INFO main steeleye - And press the submit button
INFO main steeleye - Verification Passed:Successfull Login - No Error message displayed
INFO main steeleye - [2017-07-26 17:47:02.451] Test Ended:
IRIS:0002 Verify Login Functionality - Correct username and Password
INFO main steeleye - Execution Status:PASSED
INFO main steeleye - Running Regression tests......
INFO main steeleye - ________________________________________________________________________________________________________________________________________________________
INFO main steeleye - [2017-07-26 17:48:45.149] New test started:
IRIS:0001 Verify Login Functionality - Incorrect username and Password
INFO main steeleye - Given a user attempts to access the IRIS Login Page
INFO main steeleye - When i input the username in the email field
INFO main steeleye - And i input the password in the password field
INFO main steeleye - And press the submit button
INFO main steeleye - [2017-07-26 17:48:46.722] Test Ended:
IRIS:0001 Verify Login Functionality - Incorrect username and Password
INFO main steeleye - Execution Status:FAILED
INFO main steeleye - ________________________________________________________________________________________________________________________________________________________
INFO main steeleye - [2017-07-26 17:48:47.028] New test started:
IRIS:0002 Verify Login Functionality - Correct username and Password
INFO main steeleye - Given a user attempts to access the IRIS Login Page
INFO main steeleye - When i input the username in the email field
INFO main steeleye - And i input the password in the password field
INFO main steeleye - And press the submit button
INFO main steeleye - Verification Passed:Successfull Login - No Error message displayed
INFO main steeleye - [2017-07-26 17:48:48.053] Test Ended:
IRIS:0002 Verify Login Functionality - Correct username and Password
INFO main steeleye - Execution Status:PASSED
INFO main steeleye - Running Regression tests......
INFO main steeleye - ________________________________________________________________________________________________________________________________________________________
INFO main steeleye - [2017-07-26 17:55:50.934] New test started:
IRIS:0001 Verify Login Functionality - Incorrect username and Password
INFO main steeleye - Given a user attempts to access the IRIS Login Page
INFO main steeleye - When i input the username in the email field
INFO main steeleye - And i input the password in the password field
INFO main steeleye - And press the submit button
INFO main steeleye - [2017-07-26 17:55:52.508] Test Ended:
IRIS:0001 Verify Login Functionality - Incorrect username and Password
INFO main steeleye - Execution Status:FAILED
java.lang.AssertionError: Error message should appear..
	at org.junit.Assert.fail(Assert.java:88)
	at org.junit.Assert.assertTrue(Assert.java:41)
	at com.steeleye.iris.automation.core.TestLogger.assertTrue(TestLogger.java:65)
	at com.steeleye.iris.automation.tests.LoginFeatureTest.Iris_0001(LoginFeatureTest.java:29)
	at sun.reflect.NativeMethodAccessorImpl.invoke0(Native Method)
	at sun.reflect.NativeMethodAccessorImpl.invoke(NativeMethodAccessorImpl.java:62)
	at sun.reflect.DelegatingMethodAccessorImpl.invoke(DelegatingMethodAccessorImpl.java:43)
	at java.lang.reflect.Method.invoke(Method.java:498)
	at org.junit.runners.model.FrameworkMethod$1.runReflectiveCall(FrameworkMethod.java:50)
	at org.junit.internal.runners.model.ReflectiveCallable.run(ReflectiveCallable.java:12)
	at org.junit.runners.model.FrameworkMethod.invokeExplosively(FrameworkMethod.java:47)
	at org.junit.internal.runners.statements.InvokeMethod.evaluate(InvokeMethod.java:17)
	at org.junit.internal.runners.statements.RunBefores.evaluate(RunBefores.java:26)
	at org.junit.internal.runners.statements.RunAfters.evaluate(RunAfters.java:27)
	at org.junit.rules.TestWatcher$1.evaluate(TestWatcher.java:55)
	at org.junit.rules.TestWatcher$1.evaluate(TestWatcher.java:55)
	at org.junit.rules.RunRules.evaluate(RunRules.java:20)
	at org.junit.runners.ParentRunner.runLeaf(ParentRunner.java:325)
	at org.junit.runners.BlockJUnit4ClassRunner.runChild(BlockJUnit4ClassRunner.java:78)
	at org.junit.runners.BlockJUnit4ClassRunner.runChild(BlockJUnit4ClassRunner.java:57)
	at org.junit.runners.ParentRunner$3.run(ParentRunner.java:290)
	at org.junit.runners.ParentRunner$1.schedule(ParentRunner.java:71)
	at org.junit.runners.ParentRunner.runChildren(ParentRunner.java:288)
	at org.junit.runners.ParentRunner.access$000(ParentRunner.java:58)
	at org.junit.runners.ParentRunner$2.evaluate(ParentRunner.java:268)
	at org.junit.internal.runners.statements.RunBefores.evaluate(RunBefores.java:26)
	at org.junit.internal.runners.statements.RunAfters.evaluate(RunAfters.java:27)
	at org.junit.runners.ParentRunner.run(ParentRunner.java:363)
	at org.eclipse.jdt.internal.junit4.runner.JUnit4TestReference.run(JUnit4TestReference.java:86)
	at org.eclipse.jdt.internal.junit.runner.TestExecution.run(TestExecution.java:38)
	at org.eclipse.jdt.internal.junit.runner.RemoteTestRunner.runTests(RemoteTestRunner.java:459)
	at org.eclipse.jdt.internal.junit.runner.RemoteTestRunner.runTests(RemoteTestRunner.java:675)
	at org.eclipse.jdt.internal.junit.runner.RemoteTestRunner.run(RemoteTestRunner.java:382)
	at org.eclipse.jdt.internal.junit.runner.RemoteTestRunner.main(RemoteTestRunner.java:192)
INFO main steeleye - ________________________________________________________________________________________________________________________________________________________
INFO main steeleye - [2017-07-26 17:55:52.806] New test started:
IRIS:0002 Verify Login Functionality - Correct username and Password
INFO main steeleye - Given a user attempts to access the IRIS Login Page
INFO main steeleye - When i input the username in the email field
INFO main steeleye - And i input the password in the password field
INFO main steeleye - And press the submit button
INFO main steeleye - Verification Passed:Successfull Login - No Error message displayed
INFO main steeleye - [2017-07-26 17:55:53.856] Test Ended:
IRIS:0002 Verify Login Functionality - Correct username and Password
INFO main steeleye - Execution Status:PASSED
